<?xml version="1.0" encoding="UTF-8"?>
<!-- Generated by org.testng.reporters.JUnitReportReporter -->
<testsuite hostname="LAPTOP-ACOU2N0R" name="com.model.ParallelProg" tests="2" failures="0" timestamp="6 May 2019 08:26:29 GMT" time="351.400" errors="0">
  <testcase name="openIEbr" time="254.168" classname="com.model.ParallelProg"/>
  <testcase name="openChromeBr" time="97.232" classname="com.model.ParallelProg"/>
</testsuite> <!-- com.model.ParallelProg -->
